<?xml version="1.0" encoding="UTF-8"?>
<!-- Generated by org.testng.reporters.JUnitReportReporter -->
<testsuite hostname="LAPTOP-SKBL3V8P" failures="0" tests="1" name="com.demoproject.MailTest" time="59.876" errors="0" timestamp="20 Sep 2021 13:40:26 GMT">
  <testcase classname="com.demoproject.MailTest" name="sample" time="59.876"/>
</testsuite> <!-- com.demoproject.MailTest -->
